<?xml version="1.0" encoding="UTF-8"?>
<testsuite name="DartsTest" tests="10" skipped="0" failures="0" errors="0" timestamp="2019-07-07T10:34:16" hostname="thameena-Lenovo-G50-80" time="0.012">
  <properties/>
  <testcase name="testDartLandsOnBorderBetweenMiddleAndInnerCircles" classname="DartsTest" time="0.005"/>
  <testcase name="testDartLandsInTheInnerCircle" classname="DartsTest" time="0.0"/>
  <testcase name="testCoordinatesSumLargerTenWithRadiusToOriginSmallerOrEqualTenScoredOuterCircle" classname="DartsTest" time="0.0"/>
  <testcase name="testDartOutsideTarget" classname="DartsTest" time="0.0"/>
  <testcase name="testDartLandsOnMiddleOfCircle" classname="DartsTest" time="0.0"/>
  <testcase name="testDartLandsInOuterCircle" classname="DartsTest" time="0.0"/>
  <testcase name="testCoordinatesSumLargerOneWithRadiusToOriginSmallerOrEqualOneScoredInnerCircle" classname="DartsTest" time="0.001"/>
  <testcase name="testCoordinatesSumLargerFiveWithRadiusToOriginSmallerOrEqualFiveScoredMiddleCircle" classname="DartsTest" time="0.0"/>
  <testcase name="testDartLandsOnBorderOfTarget" classname="DartsTest" time="0.0"/>
  <testcase name="testDartLandsInBorderBetweenOuterAndMiddleCircles" classname="DartsTest" time="0.0"/>
  <system-out><![CDATA[10
]]></system-out>
  <system-err><![CDATA[]]></system-err>
</testsuite>
