<?xml version="1.0" encoding="UTF-8"?>
<testsuite name="ResistorColorTest" tests="4" skipped="0" failures="0" errors="0" timestamp="2019-07-06T06:32:43" hostname="thameena-Lenovo-G50-80" time="0.009">
  <properties/>
  <testcase name="testWhiteColorCode" classname="ResistorColorTest" time="0.001"/>
  <testcase name="testColors" classname="ResistorColorTest" time="0.002"/>
  <testcase name="testBlackColorCode" classname="ResistorColorTest" time="0.003"/>
  <testcase name="testOrangeColorCode" classname="ResistorColorTest" time="0.001"/>
  <system-out><![CDATA[]]></system-out>
  <system-err><![CDATA[]]></system-err>
</testsuite>
