<?xml version="1.0" encoding="UTF-8"?>
<testsuite name="PalindromeTest" tests="4" skipped="0" failures="0" errors="0" timestamp="2019-07-20T06:32:43" hostname="thameena-Lenovo-G50-80" time="0.006">
  <properties/>
  <testcase name="testShouldNotBeAPalindrome" classname="PalindromeTest" time="0.003"/>
  <testcase name="testSentenceWithSpecialCharactersShouldNotBeAPalindrome" classname="PalindromeTest" time="0.0"/>
  <testcase name="testEmptyStringShouldBeAPalindrome" classname="PalindromeTest" time="0.0"/>
  <testcase name="testSentenceShouldBeAPalindrome" classname="PalindromeTest" time="0.001"/>
  <system-out><![CDATA[]]></system-out>
  <system-err><![CDATA[]]></system-err>
</testsuite>
